<?xml version="1.0" encoding="UTF-8"?>
<testng-results ignored="0" total="1" passed="1" failed="0" skipped="0">
  <reporter-output>
  </reporter-output>
  <suite started-at="2022-07-31T15:29:45 EDT" name="Default suite" finished-at="2022-07-31T15:30:01 EDT" duration-ms="15960">
    <groups>
    </groups>
    <test started-at="2022-07-31T15:29:45 EDT" name="Default test" finished-at="2022-07-31T15:30:01 EDT" duration-ms="15960">
      <class name="com.testing.code.Rediff_TestNG_Annotations">
        <test-method is-config="true" signature="launchBrowser()[pri:0, instance:com.testing.code.Rediff_TestNG_Annotations@2d710f1a]" started-at="2022-07-31T15:29:45 EDT" name="launchBrowser" finished-at="2022-07-31T15:29:51 EDT" duration-ms="5347" status="PASS">
          <reporter-output>
          </reporter-output>
        </test-method> <!-- launchBrowser -->
        <test-method signature="loginCredentials()[pri:0, instance:com.testing.code.Rediff_TestNG_Annotations@2d710f1a]" started-at="2022-07-31T15:29:51 EDT" name="loginCredentials" finished-at="2022-07-31T15:29:58 EDT" duration-ms="7350" status="PASS">
          <reporter-output>
          </reporter-output>
        </test-method> <!-- loginCredentials -->
        <test-method is-config="true" signature="logout()[pri:0, instance:com.testing.code.Rediff_TestNG_Annotations@2d710f1a]" started-at="2022-07-31T15:29:58 EDT" name="logout" finished-at="2022-07-31T15:30:01 EDT" duration-ms="3222" status="PASS">
          <reporter-output>
          </reporter-output>
        </test-method> <!-- logout -->
      </class> <!-- com.testing.code.Rediff_TestNG_Annotations -->
    </test> <!-- Default test -->
  </suite> <!-- Default suite -->
</testng-results>
